<?xml version="1.0" encoding="UTF-8"?>
<testsuite name="com.dunice.projectNews.service.impl.FileServiceImplTest" tests="5" skipped="0" failures="0" errors="0" timestamp="2024-12-13T09:01:58" hostname="dunice-MS-7D22" time="0.28">
  <properties/>
  <testcase name="uploadFile_CustomExceptionUnknown_uploadFileNoSuccess()" classname="com.dunice.projectNews.service.impl.FileServiceImplTest" time="0.165"/>
  <testcase name="uploadFile_CustomExceptionExceptionHandlerNotProvider_uploadFileNoSuccess()" classname="com.dunice.projectNews.service.impl.FileServiceImplTest" time="0.003"/>
  <testcase name="uploadFile_CustomSuccessResponse_uploadFileSuccess()" classname="com.dunice.projectNews.service.impl.FileServiceImplTest" time="0.004"/>
  <testcase name="giveFile_CustomExceptionExceptionHandlerNotProvider_giveFileNoSuccess()" classname="com.dunice.projectNews.service.impl.FileServiceImplTest" time="0.003"/>
  <testcase name="giveFile_UrlResource_giveFileSuccess()" classname="com.dunice.projectNews.service.impl.FileServiceImplTest" time="0.099"/>
  <system-out><![CDATA[]]></system-out>
  <system-err><![CDATA[]]></system-err>
</testsuite>
